Started by user [8mha:////4CNNIzZcgdR/6zHYuZe1tgSTm8WPDMr+20lN9Uz6VQl9AAAAoR+LCAAAAAAAAP9b85aBtbiIQTGjNKU4P08vOT+vOD8nVc83PyU1x6OyILUoJzMv2y+/JJUBAhiZGBgqihhk0NSjKDWzXb3RdlLBUSYGJk8GtpzUvPSSDB8G5tKinBIGIZ+sxLJE/ZzEvHT94JKizLx0a6BxUmjGOUNodHsLgAzBEgYx/dLi1CL9zOKMzJLE7MSixLyUTCAFAKtr9P3LAAAA[0mIshita karandikar
Running as SYSTEM
Building in workspace /var/lib/jenkins/workspace/Hello
The recommended git tool is: NONE
using credential 75c599b3-6a0d-4a53-9079-774a807a0989
No credentials specified
 > /usr/bin/git rev-parse --resolve-git-dir /var/lib/jenkins/workspace/Hello/.git # timeout=10
Fetching changes from 2 remote Git repositories
 > /usr/bin/git config remote.origin.url https://github.com/ishitakarandikar/jenkinshello # timeout=10
Fetching upstream changes from https://github.com/ishitakarandikar/jenkinshello
 > /usr/bin/git --version # timeout=10
 > git --version # 'git version 2.17.1'
using GIT_ASKPASS to set credentials 
 > /usr/bin/git fetch --tags --progress -- https://github.com/ishitakarandikar/jenkinshello +refs/heads/*:refs/remotes/origin/* # timeout=10
 > /usr/bin/git config remote.origin1.url https://github.com/ishitakarandikar/jenkinshello # timeout=10
Fetching upstream changes from https://github.com/ishitakarandikar/jenkinshello
using GIT_ASKPASS to set credentials 
 > /usr/bin/git fetch --tags --progress -- https://github.com/ishitakarandikar/jenkinshello +refs/heads/*:refs/remotes/origin1/* # timeout=10
Seen branch in repository origin/main
Seen branch in repository origin1/main
Seen 2 remote branches
 > /usr/bin/git show-ref --tags -d # timeout=10
Checking out Revision 815b5f92e10facb11be64242d53c076bf98a7228 (origin/main, origin1/main)
 > /usr/bin/git config core.sparsecheckout # timeout=10
 > /usr/bin/git checkout -f 815b5f92e10facb11be64242d53c076bf98a7228 # timeout=10
Commit message: "initial commit"
 > /usr/bin/git rev-list --no-walk 815b5f92e10facb11be64242d53c076bf98a7228 # timeout=10
 > /usr/bin/git rev-list --no-walk 815b5f92e10facb11be64242d53c076bf98a7228 # timeout=10
[Hello] $ /bin/sh -xe /tmp/jenkins13950174852921501141.sh
+ javac hello.java
+ java hello
hello
Recording test results
ERROR: Step â€˜Publish JUnit test result reportâ€™ aborted due to exception: 
com.sun.org.apache.xerces.internal.impl.io.MalformedByteSequenceException: Invalid byte 2 of 2-byte UTF-8 sequence.
	at java.xml/com.sun.org.apache.xerces.internal.impl.io.UTF8Reader.invalidByte(UTF8Reader.java:702)
	at java.xml/com.sun.org.apache.xerces.internal.impl.io.UTF8Reader.read(UTF8Reader.java:373)
	at java.xml/com.sun.org.apache.xerces.internal.impl.XMLEntityScanner.load(XMLEntityScanner.java:1699)
	at java.xml/com.sun.org.apache.xerces.internal.impl.XMLEntityScanner.arrangeCapacity(XMLEntityScanner.java:1565)
	at java.xml/com.sun.org.apache.xerces.internal.impl.XMLEntityScanner.skipString(XMLEntityScanner.java:1603)
	at java.xml/com.sun.org.apache.xerces.internal.impl.XMLVersionDetector.determineDocVersion(XMLVersionDetector.java:158)
Caused: org.xml.sax.SAXParseException; lineNumber: 1; columnNumber: 1; Invalid byte 2 of 2-byte UTF-8 sequence.
	at java.xml/com.sun.org.apache.xerces.internal.util.ErrorHandlerWrapper.createSAXParseException(ErrorHandlerWrapper.java:204)
	at java.xml/com.sun.org.apache.xerces.internal.util.ErrorHandlerWrapper.fatalError(ErrorHandlerWrapper.java:178)
	at java.xml/com.sun.org.apache.xerces.internal.impl.XMLErrorReporter.reportError(XMLErrorReporter.java:400)
	at java.xml/com.sun.org.apache.xerces.internal.impl.XMLErrorReporter.reportError(XMLErrorReporter.java:306)
	at java.xml/com.sun.org.apache.xerces.internal.impl.XMLVersionDetector.determineDocVersion(XMLVersionDetector.java:203)
	at java.xml/com.sun.org.apache.xerces.internal.parsers.XML11Configuration.parse(XML11Configuration.java:860)
	at java.xml/com.sun.org.apache.xerces.internal.parsers.XML11Configuration.parse(XML11Configuration.java:824)
	at java.xml/com.sun.org.apache.xerces.internal.parsers.XMLParser.parse(XMLParser.java:141)
	at java.xml/com.sun.org.apache.xerces.internal.parsers.AbstractSAXParser.parse(AbstractSAXParser.java:1216)
	at java.xml/com.sun.org.apache.xerces.internal.jaxp.SAXParserImpl$JAXPSAXParser.parse(SAXParserImpl.java:635)
	at org.dom4j.io.SAXReader.read(SAXReader.java:494)
Caused: org.dom4j.DocumentException: Error on line 1 of document  : Invalid byte 2 of 2-byte UTF-8 sequence.
	at org.dom4j.io.SAXReader.read(SAXReader.java:511)
	at org.dom4j.io.SAXReader.read(SAXReader.java:392)
	at hudson.tasks.junit.SuiteResult.parse(SuiteResult.java:177)
	at hudson.tasks.junit.TestResult.parse(TestResult.java:384)
Caused: java.io.IOException: Failed to read /var/lib/jenkins/workspace/Hello/hello.class
Is this really a JUnit report file? Your configuration must be matching too many files
	at hudson.tasks.junit.TestResult.parse(TestResult.java:396)
	at hudson.tasks.junit.TestResult.parsePossiblyEmpty(TestResult.java:314)
	at hudson.tasks.junit.TestResult.parse(TestResult.java:256)
	at hudson.tasks.junit.TestResult.parse(TestResult.java:242)
	at hudson.tasks.junit.TestResult.parse(TestResult.java:220)
	at hudson.tasks.junit.TestResult.<init>(TestResult.java:174)
	at hudson.tasks.junit.JUnitParser$ParseResultCallable.invoke(JUnitParser.java:176)
	at hudson.FilePath.act(FilePath.java:1200)
	at hudson.FilePath.act(FilePath.java:1183)
	at hudson.tasks.junit.JUnitParser.parseResult(JUnitParser.java:118)
	at hudson.tasks.junit.JUnitResultArchiver.parse(JUnitResultArchiver.java:159)
	at hudson.tasks.junit.JUnitResultArchiver.parseAndSummarize(JUnitResultArchiver.java:253)
	at hudson.tasks.junit.JUnitResultArchiver.perform(JUnitResultArchiver.java:176)
	at jenkins.tasks.SimpleBuildStep.perform(SimpleBuildStep.java:123)
	at hudson.tasks.BuildStepCompatibilityLayer.perform(BuildStepCompatibilityLayer.java:79)
	at hudson.tasks.BuildStepMonitor$1.perform(BuildStepMonitor.java:20)
	at hudson.model.AbstractBuild$AbstractBuildExecution.perform(AbstractBuild.java:816)
	at hudson.model.AbstractBuild$AbstractBuildExecution.performAllBuildSteps(AbstractBuild.java:765)
	at hudson.model.Build$BuildExecution.post2(Build.java:179)
	at hudson.model.AbstractBuild$AbstractBuildExecution.post(AbstractBuild.java:709)
	at hudson.model.Run.execute(Run.java:1922)
	at hudson.model.FreeStyleBuild.run(FreeStyleBuild.java:44)
	at hudson.model.ResourceController.execute(ResourceController.java:101)
	at hudson.model.Executor.run(Executor.java:442)
Finished: FAILURE
